<?xml version="1.0" encoding="UTF-8"?>
<!-- Generated by org.testng.reporters.JUnitXMLReporter -->
<testsuite ignored="2" hostname="RAJI-REDDY" failures="1" tests="2" name="Test" time="26.266" errors="0" timestamp="2024-06-12T19:30:34 IST">
  <testcase classname="contactsTests.CreateContactTest" name="createContactWithMandatoryFields" time="6.062">
    <failure type="java.lang.AssertionError" message="null">
      <![CDATA[java.lang.AssertionError: null
at contactsTests.CreateContactTest.createContactWithMandatoryFields(CreateContactTest.java:44)
at java.base/java.util.ArrayList.forEach(ArrayList.java:1511)
... Removed 29 stack frames]]>
    </failure>
  </testcase> <!-- createContactWithMandatoryFields -->
  <testcase classname="contactsTests.CreateContactWithLeadSourceTest" name="createContactWithLead" time="6.584"/>
  <testcase classname="genericUTilities.BaseClass" name="@AfterSuite asConfig" time="0.0">
    <ignored/>
  </testcase> <!-- @AfterSuite asConfig -->
  <testcase classname="genericUTilities.BaseClass" name="@BeforeSuite bsConfig" time="0.0">
    <ignored/>
  </testcase> <!-- @BeforeSuite bsConfig -->
</testsuite> <!-- Test -->
